#
# A fatal error has been detected by the Java Runtime Environment:
#
#  EXCEPTION_ACCESS_VIOLATION (0xc0000005) at pc=0x0000000180011066, pid=14708, tid=0x000000000000112c
#
# JRE version: OpenJDK Runtime Environment (8.0_212-b04) (build 1.8.0_212-b04)
# Java VM: OpenJDK 64-Bit Server VM (25.212-b04 mixed mode windows-amd64 compressed oops)
# Problematic frame:
# C  [OpenAL64.dll+0x11066]
#
# Failed to write core dump. Minidumps are not enabled by default on client versions of Windows
#
# If you would like to submit a bug report, please visit:
#   
# The crash happened outside the Java Virtual Machine in native code.
# See problematic frame for where to report the bug.
#

---------------  T H R E A D  ---------------

Current thread (0x00000225cbc77800):  JavaThread "jME3 Main" [_thread_in_native, id=4396, stack(0x000000fa10300000,0x000000fa10400000)]

siginfo: ExceptionCode=0xc0000005, reading address 0x00000225d7cb1004

Registers:
RAX=0x0000000000000004, RBX=0x00000225d8e70090, RCX=0x00000225d7cb1008, RDX=0x00000225d7cb1004
RSP=0x000000fa103fec30, RBP=0x00000000000000ff, RSI=0x00000225d7cad93c, RDI=0x0000000000000000
R8 =0x0000000000000db2, R9 =0x00000225d7cad93c, R10=0x00000225b03b9c42, R11=0x000000005fa611b0
R12=0x0000000000000001, R13=0x00000225d8d29058, R14=0x000000fa103fedd0, R15=0x00000225cbc77800
RIP=0x0000000180011066, EFLAGS=0x0000000000010202

Top of Stack: (sp=0x000000fa103fec30)
0x000000fa103fec30:   0000000000000000 0000000000000000
0x000000fa103fec40:   0000000000000000 00000225cbc77800
0x000000fa103fec50:   000000fa103fedd0 00000225d8d29058
0x000000fa103fec60:   00000225cbc77800 00000225cc2aa8a0
0x000000fa103fec70:   00000225d8d29058 0000000000000000
0x000000fa103fec80:   00000225cbc771e0 000000005f906365
0x000000fa103fec90:   000000fa103ff5a0 00000225c96472d0
0x000000fa103feca0:   00000225cbc77800 000000fa103fedd0
0x000000fa103fecb0:   00000225d8d29058 0000000000000000
0x000000fa103fecc0:   00000225d7cad93c 00000006c3219820
0x000000fa103fecd0:   000000fa103fed98 000000018001248f
0x000000fa103fece0:   00000225d8e70090 00000225d8e70090
0x000000fa103fecf0:   000000060000ac44 0000022500000004
0x000000fa103fed00:   0000000000000010 00000225b03b9c6e
0x000000fa103fed10:   00000225d8d29058 000000fa103fed18
0x000000fa103fed20:   0000000000000010 00000225b03b997b 

Instructions: (pc=0x0000000180011066)
0x0000000180011046:   41 2b ec 81 3a 03 00 02 00 75 09 8b 01 89 84 24
0x0000000180011056:   c8 00 00 00 49 83 c0 02 48 83 c1 08 4a 8d 14 86
0x0000000180011066:   39 3a 75 af 4c 8d 84 24 c0 00 00 00 48 8d 15 d7
0x0000000180011076:   2b 03 00 33 c9 e8 58 5f 00 00 b8 40 1f 00 00 4c 


Register to memory mapping:

RAX=0x0000000000000004 is an unknown value
RBX=0x00000225d8e70090 is an unknown value
RCX=0x00000225d7cb1008 is an unknown value
RDX=0x00000225d7cb1004 is an unknown value
RSP=0x000000fa103fec30 is pointing into the stack for thread: 0x00000225cbc77800
RBP=0x00000000000000ff is an unknown value
RSI=0x00000225d7cad93c is an unknown value
RDI=0x0000000000000000 is an unknown value
R8 =0x0000000000000db2 is an unknown value
R9 =0x00000225d7cad93c is an unknown value
R10=0x00000225b03b9c42 is at code_begin+962 in an Interpreter codelet
method entry point (kind = native)  [0x00000225b03b9880, 0x00000225b03ba320]  2720 bytes
R11=0x000000005fa611b0 is an unknown value
R12=0x0000000000000001 is an unknown value
R13={method} {0x00000225d8d29060} 'nalcCreateContext' '(JJ)J' in 'org/lwjgl/openal/ALC10'
R14=0x000000fa103fedd0 is pointing into the stack for thread: 0x00000225cbc77800
R15=0x00000225cbc77800 is a thread


Stack: [0x000000fa10300000,0x000000fa10400000],  sp=0x000000fa103fec30,  free space=1019k
Native frames: (J=compiled Java code, j=interpreted, Vv=VM code, C=native code)
C  [OpenAL64.dll+0x11066]
C  [OpenAL64.dll+0x1248f]
C  0x00000225b03b9c6e

Java frames: (J=compiled Java code, j=interpreted, Vv=VM code)
j  org.lwjgl.openal.ALC10.nalcCreateContext(JJ)J+0
j  org.lwjgl.openal.ALC10.alcCreateContext(Lorg/lwjgl/openal/ALCdevice;Ljava/nio/IntBuffer;)Lorg/lwjgl/openal/ALCcontext;+8
j  org.lwjgl.openal.AL.init(Ljava/lang/String;IIZZ)V+69
j  org.lwjgl.openal.AL.create(Ljava/lang/String;IIZZ)V+246
j  org.lwjgl.openal.AL.create(Ljava/lang/String;IIZ)V+5
j  org.lwjgl.openal.AL.create()V+6
j  com.jme3.audio.lwjgl.LwjglALC.createALC()V+0
j  com.jme3.audio.openal.ALAudioRenderer.initOpenAL()V+16
j  com.jme3.audio.openal.ALAudioRenderer.initialize()V+21
j  com.jme3.app.LegacyApplication.initAudio()V+40
j  com.jme3.app.LegacyApplication.initialize()V+31
j  com.jme3.app.SimpleApplication.initialize()V+1
j  com.jme3.system.lwjgl.LwjglAbstractDisplay.initInThread()Z+90
j  com.jme3.system.lwjgl.LwjglAbstractDisplay.run()V+36
j  java.lang.Thread.run()V+11
v  ~StubRoutines::call_stub

---------------  P R O C E S S  ---------------

Java Threads: ( => current thread )
  0x00000225aeaaf800 JavaThread "DestroyJavaVM" [_thread_blocked, id=10960, stack(0x000000fa0e900000,0x000000fa0ea00000)]
=>0x00000225cbc77800 JavaThread "jME3 Main" [_thread_in_native, id=4396, stack(0x000000fa10300000,0x000000fa10400000)]
  0x00000225cc319800 JavaThread "TimerQueue" daemon [_thread_blocked, id=17816, stack(0x000000fa10400000,0x000000fa10500000)]
  0x00000225cc1c3800 JavaThread "AWT-EventQueue-0" [_thread_blocked, id=8776, stack(0x000000fa10200000,0x000000fa10300000)]
  0x00000225cc171800 JavaThread "AWT-Windows" daemon [_thread_in_native, id=3224, stack(0x000000fa10100000,0x000000fa10200000)]
  0x00000225cc171000 JavaThread "AWT-Shutdown" [_thread_blocked, id=18356, stack(0x000000fa10000000,0x000000fa10100000)]
  0x00000225cc170800 JavaThread "Java2D Disposer" daemon [_thread_blocked, id=13648, stack(0x000000fa0ff00000,0x000000fa10000000)]
  0x00000225cbb08000 JavaThread "Service Thread" daemon [_thread_blocked, id=15560, stack(0x000000fa0fd00000,0x000000fa0fe00000)]
  0x00000225c9624000 JavaThread "C1 CompilerThread3" daemon [_thread_blocked, id=13400, stack(0x000000fa0fc00000,0x000000fa0fd00000)]
  0x00000225c9620000 JavaThread "C2 CompilerThread2" daemon [_thread_blocked, id=2284, stack(0x000000fa0fb00000,0x000000fa0fc00000)]
  0x00000225c961d800 JavaThread "C2 CompilerThread1" daemon [_thread_blocked, id=6548, stack(0x000000fa0fa00000,0x000000fa0fb00000)]
  0x00000225c9619000 JavaThread "C2 CompilerThread0" daemon [_thread_blocked, id=9760, stack(0x000000fa0f900000,0x000000fa0fa00000)]
  0x00000225c9615000 JavaThread "Attach Listener" daemon [_thread_blocked, id=4428, stack(0x000000fa0f800000,0x000000fa0f900000)]
  0x00000225c9614800 JavaThread "Signal Dispatcher" daemon [_thread_blocked, id=16016, stack(0x000000fa0f700000,0x000000fa0f800000)]
  0x00000225c95ea800 JavaThread "Finalizer" daemon [_thread_blocked, id=17476, stack(0x000000fa0f600000,0x000000fa0f700000)]
  0x00000225c95df000 JavaThread "Reference Handler" daemon [_thread_blocked, id=11924, stack(0x000000fa0f500000,0x000000fa0f600000)]

Other Threads:
  0x00000225c95b5000 VMThread [stack: 0x000000fa0f400000,0x000000fa0f500000] [id=15924]
  0x00000225c964e000 WatcherThread [stack: 0x000000fa0fe00000,0x000000fa0ff00000] [id=11596]

VM state:not at safepoint (normal execution)

VM Mutex/Monitor currently owned by a thread: None

heap address: 0x00000006c3200000, size: 4046 MB, Compressed Oops mode: Zero based, Oop shift amount: 3
Narrow klass base: 0x0000000000000000, Narrow klass shift: 3
Compressed class space size: 1073741824 Address: 0x00000007c0000000

Heap:
 PSYoungGen      total 75776K, used 17183K [0x000000076bb80000, 0x0000000771000000, 0x00000007c0000000)
  eden space 65024K, 26% used [0x000000076bb80000,0x000000076cc47c60,0x000000076fb00000)
  from space 10752K, 0% used [0x0000000770580000,0x0000000770580000,0x0000000771000000)
  to   space 10752K, 0% used [0x000000076fb00000,0x000000076fb00000,0x0000000770580000)
 ParOldGen       total 173568K, used 4848K [0x00000006c3200000, 0x00000006cdb80000, 0x000000076bb80000)
  object space 173568K, 2% used [0x00000006c3200000,0x00000006c36bc1a0,0x00000006cdb80000)
 Metaspace       used 16840K, capacity 17045K, committed 17152K, reserved 1064960K
  class space    used 1934K, capacity 2038K, committed 2048K, reserved 1048576K

Card table byte_map: [0x00000225bf760000,0x00000225bff50000] byte_map_base: 0x00000225bc147000

Marking Bits: (ParMarkBitMap*) 0x000000005fff1f50
 Begin Bits: [0x00000225c04a0000, 0x00000225c43d8000)
 End Bits:   [0x00000225c43d8000, 0x00000225c8310000)

Polling page: 0x00000225aea60000

CodeCache: size=245760Kb used=4814Kb max_used=4814Kb free=240946Kb
 bounds [0x00000225b03a0000, 0x00000225b0860000, 0x00000225bf3a0000]
 total_blobs=2091 nmethods=1484 adapters=520
 compilation: enabled

Compilation events (10 events):
Event: 6.378 Thread 0x00000225c9624000 1479       3       java.net.URLStreamHandler::setURL (40 bytes)
Event: 6.378 Thread 0x00000225c9624000 nmethod 1479 0x00000225b0850d10 code [0x00000225b0850ea0, 0x00000225b08512a0]
Event: 6.378 Thread 0x00000225c9624000 1480   !   3       java.net.URL::set (114 bytes)
Event: 6.378 Thread 0x00000225c9624000 nmethod 1480 0x00000225b0851450 code [0x00000225b0851640, 0x00000225b08521a0]
Event: 6.379 Thread 0x00000225c9624000 1481  s    3       java.lang.Throwable::fillInStackTrace (29 bytes)
Event: 6.379 Thread 0x00000225c9624000 nmethod 1481 0x00000225b0852bd0 code [0x00000225b0852d40, 0x00000225b08530f0]
Event: 6.381 Thread 0x00000225c9624000 1483   !   3       java.util.zip.ZipFile::getInflater (56 bytes)
Event: 6.381 Thread 0x00000225c9624000 nmethod 1483 0x00000225b08531d0 code [0x00000225b08533c0, 0x00000225b0853fc0]
Event: 6.389 Thread 0x00000225c9624000 1484       3       java.util.ArrayDeque::pollFirst (42 bytes)
Event: 6.389 Thread 0x00000225c9624000 nmethod 1484 0x00000225b0854c10 code [0x00000225b0854d80, 0x00000225b08550b8]

GC Heap History (8 events):
Event: 6.010 GC heap before
{Heap before GC invocations=1 (full 0):
 PSYoungGen      total 75776K, used 18173K [0x000000076bb80000, 0x0000000771000000, 0x00000007c0000000)
  eden space 65024K, 27% used [0x000000076bb80000,0x000000076cd3f7e0,0x000000076fb00000)
  from space 10752K, 0% used [0x0000000770580000,0x0000000770580000,0x0000000771000000)
  to   space 10752K, 0% used [0x000000076fb00000,0x000000076fb00000,0x0000000770580000)
 ParOldGen       total 173568K, used 0K [0x00000006c3200000, 0x00000006cdb80000, 0x000000076bb80000)
  object space 173568K, 0% used [0x00000006c3200000,0x00000006c3200000,0x00000006cdb80000)
 Metaspace       used 13252K, capacity 13522K, committed 13824K, reserved 1060864K
  class space    used 1659K, capacity 1750K, committed 1792K, reserved 1048576K
Event: 6.014 GC heap after
Heap after GC invocations=1 (full 0):
 PSYoungGen      total 75776K, used 10734K [0x000000076bb80000, 0x0000000771000000, 0x00000007c0000000)
  eden space 65024K, 0% used [0x000000076bb80000,0x000000076bb80000,0x000000076fb00000)
  from space 10752K, 99% used [0x000000076fb00000,0x000000077057bb10,0x0000000770580000)
  to   space 10752K, 0% used [0x0000000770580000,0x0000000770580000,0x0000000771000000)
 ParOldGen       total 173568K, used 42K [0x00000006c3200000, 0x00000006cdb80000, 0x000000076bb80000)
  object space 173568K, 0% used [0x00000006c3200000,0x00000006c320aab0,0x00000006cdb80000)
 Metaspace       used 13252K, capacity 13522K, committed 13824K, reserved 1060864K
  class space    used 1659K, capacity 1750K, committed 1792K, reserved 1048576K
}
Event: 6.014 GC heap before
{Heap before GC invocations=2 (full 1):
 PSYoungGen      total 75776K, used 10734K [0x000000076bb80000, 0x0000000771000000, 0x00000007c0000000)
  eden space 65024K, 0% used [0x000000076bb80000,0x000000076bb80000,0x000000076fb00000)
  from space 10752K, 99% used [0x000000076fb00000,0x000000077057bb10,0x0000000770580000)
  to   space 10752K, 0% used [0x0000000770580000,0x0000000770580000,0x0000000771000000)
 ParOldGen       total 173568K, used 42K [0x00000006c3200000, 0x00000006cdb80000, 0x000000076bb80000)
  object space 173568K, 0% used [0x00000006c3200000,0x00000006c320aab0,0x00000006cdb80000)
 Metaspace       used 13252K, capacity 13522K, committed 13824K, reserved 1060864K
  class space    used 1659K, capacity 1750K, committed 1792K, reserved 1048576K
Event: 6.030 GC heap after
Heap after GC invocations=2 (full 1):
 PSYoungGen      total 75776K, used 0K [0x000000076bb80000, 0x0000000771000000, 0x00000007c0000000)
  eden space 65024K, 0% used [0x000000076bb80000,0x000000076bb80000,0x000000076fb00000)
  from space 10752K, 0% used [0x000000076fb00000,0x000000076fb00000,0x0000000770580000)
  to   space 10752K, 0% used [0x0000000770580000,0x0000000770580000,0x0000000771000000)
 ParOldGen       total 173568K, used 4848K [0x00000006c3200000, 0x00000006cdb80000, 0x000000076bb80000)
  object space 173568K, 2% used [0x00000006c3200000,0x00000006c36bc1a0,0x00000006cdb80000)
 Metaspace       used 13252K, capacity 13522K, committed 13824K, reserved 1060864K
  class space    used 1659K, capacity 1750K, committed 1792K, reserved 1048576K
}
Event: 6.030 GC heap before
{Heap before GC invocations=3 (full 1):
 PSYoungGen      total 75776K, used 0K [0x000000076bb80000, 0x0000000771000000, 0x00000007c0000000)
  eden space 65024K, 0% used [0x000000076bb80000,0x000000076bb80000,0x000000076fb00000)
  from space 10752K, 0% used [0x000000076fb00000,0x000000076fb00000,0x0000000770580000)
  to   space 10752K, 0% used [0x0000000770580000,0x0000000770580000,0x0000000771000000)
 ParOldGen       total 173568K, used 4848K [0x00000006c3200000, 0x00000006cdb80000, 0x000000076bb80000)
  object space 173568K, 2% used [0x00000006c3200000,0x00000006c36bc1a0,0x00000006cdb80000)
 Metaspace       used 13252K, capacity 13522K, committed 13824K, reserved 1060864K
  class space    used 1659K, capacity 1750K, committed 1792K, reserved 1048576K
Event: 6.031 GC heap after
Heap after GC invocations=3 (full 1):
 PSYoungGen      total 75776K, used 0K [0x000000076bb80000, 0x0000000771000000, 0x00000007c0000000)
  eden space 65024K, 0% used [0x000000076bb80000,0x000000076bb80000,0x000000076fb00000)
  from space 10752K, 0% used [0x0000000770580000,0x0000000770580000,0x0000000771000000)
  to   space 10752K, 0% used [0x000000076fb00000,0x000000076fb00000,0x0000000770580000)
 ParOldGen       total 173568K, used 4848K [0x00000006c3200000, 0x00000006cdb80000, 0x000000076bb80000)
  object space 173568K, 2% used [0x00000006c3200000,0x00000006c36bc1a0,0x00000006cdb80000)
 Metaspace       used 13252K, capacity 13522K, committed 13824K, reserved 1060864K
  class space    used 1659K, capacity 1750K, committed 1792K, reserved 1048576K
}
Event: 6.031 GC heap before
{Heap before GC invocations=4 (full 2):
 PSYoungGen      total 75776K, used 0K [0x000000076bb80000, 0x0000000771000000, 0x00000007c0000000)
  eden space 65024K, 0% used [0x000000076bb80000,0x000000076bb80000,0x000000076fb00000)
  from space 10752K, 0% used [0x0000000770580000,0x0000000770580000,0x0000000771000000)
  to   space 10752K, 0% used [0x000000076fb00000,0x000000076fb00000,0x0000000770580000)
 ParOldGen       total 173568K, used 4848K [0x00000006c3200000, 0x00000006cdb80000, 0x000000076bb80000)
  object space 173568K, 2% used [0x00000006c3200000,0x00000006c36bc1a0,0x00000006cdb80000)
 Metaspace       used 13252K, capacity 13522K, committed 13824K, reserved 1060864K
  class space    used 1659K, capacity 1750K, committed 1792K, reserved 1048576K
Event: 6.037 GC heap after
Heap after GC invocations=4 (full 2):
 PSYoungGen      total 75776K, used 0K [0x000000076bb80000, 0x0000000771000000, 0x00000007c0000000)
  eden space 65024K, 0% used [0x000000076bb80000,0x000000076bb80000,0x000000076fb00000)
  from space 10752K, 0% used [0x0000000770580000,0x0000000770580000,0x0000000771000000)
  to   space 10752K, 0% used [0x000000076fb00000,0x000000076fb00000,0x0000000770580000)
 ParOldGen       total 173568K, used 4848K [0x00000006c3200000, 0x00000006cdb80000, 0x000000076bb80000)
  object space 173568K, 2% used [0x00000006c3200000,0x00000006c36bc1a0,0x00000006cdb80000)
 Metaspace       used 13252K, capacity 13522K, committed 13824K, reserved 1060864K
  class space    used 1659K, capacity 1750K, committed 1792K, reserved 1048576K
}

Deoptimization events (4 events):
Event: 0.360 Thread 0x00000225cc1c3800 Uncommon trap: reason=class_check action=maybe_recompile pc=0x00000225b053f290 method=java.lang.String.equals(Ljava/lang/Object;)Z @ 8
Event: 0.360 Thread 0x00000225cc1c3800 Uncommon trap: reason=class_check action=maybe_recompile pc=0x00000225b053f290 method=java.lang.String.equals(Ljava/lang/Object;)Z @ 8
Event: 0.360 Thread 0x00000225cc1c3800 Uncommon trap: reason=class_check action=maybe_recompile pc=0x00000225b053f290 method=java.lang.String.equals(Ljava/lang/Object;)Z @ 8
Event: 0.361 Thread 0x00000225cc1c3800 Uncommon trap: reason=class_check action=maybe_recompile pc=0x00000225b053f290 method=java.lang.String.equals(Ljava/lang/Object;)Z @ 8

Classes redefined (0 events):
No events

Internal exceptions (10 events):
Event: 0.140 Thread 0x00000225aeaaf800 Exception <a 'java/lang/NoSuchFieldError': method resolution failed> (0x000000076bff90a0) thrown at [C:\cygwin64\tmp\openjdk-jdk8u-windows-x64-hotspot\workspace\build\src\hotspot\src\share\vm\prims\methodHandles.cpp, line 1167]
Event: 0.157 Thread 0x00000225aeaaf800 Exception <a 'java/lang/ClassNotFoundException': sun/dc/DuctusRenderingEngine> (0x000000076c081f18) thrown at [C:\cygwin64\tmp\openjdk-jdk8u-windows-x64-hotspot\workspace\build\src\hotspot\src\share\vm\classfile\systemDictionary.cpp, line 210]
Event: 0.182 Thread 0x00000225cc1c3800 Exception <a 'java/io/FileNotFoundException'> (0x000000076c3543e0) thrown at [C:\cygwin64\tmp\openjdk-jdk8u-windows-x64-hotspot\workspace\build\src\hotspot\src\share\vm\prims\jni.cpp, line 710]
Event: 0.205 Thread 0x00000225cc1c3800 Exception <a 'java/lang/NoClassDefFoundError'> (0x000000076c3efc70) thrown at [C:\cygwin64\tmp\openjdk-jdk8u-windows-x64-hotspot\workspace\build\src\hotspot\src\share\vm\prims\jvm.cpp, line 1506]
Event: 6.381 Thread 0x00000225cbc77800 Exception <a 'java/security/PrivilegedActionException'> (0x000000076cbb7d58) thrown at [C:\cygwin64\tmp\openjdk-jdk8u-windows-x64-hotspot\workspace\build\src\hotspot\src\share\vm\prims\jvm.cpp, line 1502]
Event: 6.381 Thread 0x00000225cbc77800 Exception <a 'java/security/PrivilegedActionException'> (0x000000076cbb98c8) thrown at [C:\cygwin64\tmp\openjdk-jdk8u-windows-x64-hotspot\workspace\build\src\hotspot\src\share\vm\prims\jvm.cpp, line 1502]
Event: 6.381 Thread 0x00000225cbc77800 Exception <a 'java/security/PrivilegedActionException'> (0x000000076cbba9e8) thrown at [C:\cygwin64\tmp\openjdk-jdk8u-windows-x64-hotspot\workspace\build\src\hotspot\src\share\vm\prims\jvm.cpp, line 1502]
Event: 6.381 Thread 0x00000225cbc77800 Exception <a 'java/security/PrivilegedActionException'> (0x000000076cbbfb08) thrown at [C:\cygwin64\tmp\openjdk-jdk8u-windows-x64-hotspot\workspace\build\src\hotspot\src\share\vm\prims\jvm.cpp, line 1502]
Event: 6.381 Thread 0x00000225cbc77800 Exception <a 'java/security/PrivilegedActionException'> (0x000000076cbc0760) thrown at [C:\cygwin64\tmp\openjdk-jdk8u-windows-x64-hotspot\workspace\build\src\hotspot\src\share\vm\prims\jvm.cpp, line 1502]
Event: 6.381 Thread 0x00000225cbc77800 Exception <a 'java/security/PrivilegedActionException'> (0x000000076cbc1388) thrown at [C:\cygwin64\tmp\openjdk-jdk8u-windows-x64-hotspot\workspace\build\src\hotspot\src\share\vm\prims\jvm.cpp, line 1502]

Events (10 events):
Event: 6.382 loading class org/lwjgl/openal/ALC10
Event: 6.382 loading class org/lwjgl/openal/ALC10 done
Event: 6.388 loading class org/lwjgl/openal/ALCdevice
Event: 6.388 loading class org/lwjgl/openal/ALCdevice done
Event: 6.389 loading class org/lwjgl/openal/ALCcontext
Event: 6.389 loading class org/lwjgl/openal/ALCcontext done
Event: 6.389 loading class org/lwjgl/openal/Util
Event: 6.389 loading class org/lwjgl/openal/Util done
Event: 6.389 loading class org/lwjgl/openal/OpenALException
Event: 6.389 loading class org/lwjgl/openal/OpenALException done


Dynamic libraries:
0x00007ff62d9a0000 - 0x00007ff62d9da000 	C:\Program Files\jmonkeyplatform\jdk\bin\java.exe
0x00007ff956340000 - 0x00007ff956530000 	C:\WINDOWS\SYSTEM32\ntdll.dll
0x00007ff9561d0000 - 0x00007ff956282000 	C:\WINDOWS\System32\KERNEL32.DLL
0x00007ff953340000 - 0x00007ff9535e4000 	C:\WINDOWS\System32\KERNELBASE.dll
0x00007ff955b90000 - 0x00007ff955c33000 	C:\WINDOWS\System32\ADVAPI32.dll
0x00007ff954ee0000 - 0x00007ff954f7e000 	C:\WINDOWS\System32\msvcrt.dll
0x00007ff954bc0000 - 0x00007ff954c57000 	C:\WINDOWS\System32\sechost.dll
0x00007ff9560b0000 - 0x00007ff9561d0000 	C:\WINDOWS\System32\RPCRT4.dll
0x00007ff954c70000 - 0x00007ff954e04000 	C:\WINDOWS\System32\USER32.dll
0x00007ff953fc0000 - 0x00007ff953fe1000 	C:\WINDOWS\System32\win32u.dll
0x00007ff954750000 - 0x00007ff954776000 	C:\WINDOWS\System32\GDI32.dll
0x00007ff953670000 - 0x00007ff953806000 	C:\WINDOWS\System32\gdi32full.dll
0x00007ff9540f0000 - 0x00007ff95418e000 	C:\WINDOWS\System32\msvcp_win.dll
0x00007ff953ff0000 - 0x00007ff9540ea000 	C:\WINDOWS\System32\ucrtbase.dll
0x00007ff938610000 - 0x00007ff938894000 	C:\WINDOWS\WinSxS\amd64_microsoft.windows.common-controls_6595b64144ccf1df_6.0.18362.959_none_e6c7bbbf130c62bb\COMCTL32.dll
0x00007ff955850000 - 0x00007ff955b85000 	C:\WINDOWS\System32\combase.dll
0x00007ff9535f0000 - 0x00007ff953670000 	C:\WINDOWS\System32\bcryptPrimitives.dll
0x00007ff954b80000 - 0x00007ff954bae000 	C:\WINDOWS\System32\IMM32.DLL
0x00007ff914fa0000 - 0x00007ff91508f000 	C:\Program Files\jmonkeyplatform\jdk\jre\bin\msvcr120.dll
0x00007ff94bea0000 - 0x00007ff94bf46000 	C:\Program Files\jmonkeyplatform\jdk\jre\bin\msvcp120.dll
0x000000005f870000 - 0x000000006006b000 	C:\Program Files\jmonkeyplatform\jdk\jre\bin\server\jvm.dll
0x00007ff954c60000 - 0x00007ff954c68000 	C:\WINDOWS\System32\PSAPI.DLL
0x00007ff94def0000 - 0x00007ff94df14000 	C:\WINDOWS\SYSTEM32\WINMM.dll
0x00007ff94ca80000 - 0x00007ff94ca8a000 	C:\WINDOWS\SYSTEM32\VERSION.dll
0x00007ff934650000 - 0x00007ff934659000 	C:\WINDOWS\SYSTEM32\WSOCK32.dll
0x00007ff956290000 - 0x00007ff9562ff000 	C:\WINDOWS\System32\WS2_32.dll
0x00007ff94dab0000 - 0x00007ff94dadd000 	C:\WINDOWS\SYSTEM32\winmmbase.dll
0x00007ff9532f0000 - 0x00007ff95333a000 	C:\WINDOWS\System32\cfgmgr32.dll
0x00007ff94e6f0000 - 0x00007ff94e6ff000 	C:\Program Files\jmonkeyplatform\jdk\jre\bin\verify.dll
0x00007ff94c030000 - 0x00007ff94c058000 	C:\Program Files\jmonkeyplatform\jdk\jre\bin\java.dll
0x00007ff94e680000 - 0x00007ff94e696000 	C:\Program Files\jmonkeyplatform\jdk\jre\bin\zip.dll
0x00007ff955000000 - 0x00007ff9556e6000 	C:\WINDOWS\System32\SHELL32.dll
0x00007ff9556f0000 - 0x00007ff955799000 	C:\WINDOWS\System32\shcore.dll
0x00007ff953830000 - 0x00007ff953fb2000 	C:\WINDOWS\System32\windows.storage.dll
0x00007ff953220000 - 0x00007ff953243000 	C:\WINDOWS\System32\profapi.dll
0x00007ff953250000 - 0x00007ff95329a000 	C:\WINDOWS\System32\powrprof.dll
0x00007ff9531f0000 - 0x00007ff953200000 	C:\WINDOWS\System32\UMPDC.dll
0x00007ff9546f0000 - 0x00007ff954742000 	C:\WINDOWS\System32\shlwapi.dll
0x00007ff953200000 - 0x00007ff953211000 	C:\WINDOWS\System32\kernel.appcore.dll
0x00007ff953810000 - 0x00007ff953827000 	C:\WINDOWS\System32\cryptsp.dll
0x00007ff91b610000 - 0x00007ff91b7a5000 	C:\Program Files\jmonkeyplatform\jdk\jre\bin\awt.dll
0x00007ff9543f0000 - 0x00007ff9544b5000 	C:\WINDOWS\System32\OLEAUT32.dll
0x00007ff9503b0000 - 0x00007ff95043f000 	C:\WINDOWS\SYSTEM32\apphelp.dll
0x00007ff9507c0000 - 0x00007ff950859000 	C:\WINDOWS\system32\uxtheme.dll
0x00007ff9549c0000 - 0x00007ff954af5000 	C:\WINDOWS\System32\MSCTF.dll
0x00007ff954780000 - 0x00007ff9548d7000 	C:\WINDOWS\System32\ole32.dll
0x00007ff950ec0000 - 0x00007ff950eed000 	C:\WINDOWS\system32\DWMAPI.DLL
0x00007ff935c60000 - 0x00007ff935db6000 	C:\WINDOWS\system32\opengl32.dll
0x00007ff935210000 - 0x00007ff93523c000 	C:\WINDOWS\SYSTEM32\GLU32.dll
0x00007ff951ed0000 - 0x00007ff951ef0000 	C:\WINDOWS\SYSTEM32\dxcore.dll
0x00007ff9442d0000 - 0x00007ff944363000 	C:\Program Files\jmonkeyplatform\jdk\jre\bin\freetype.dll
0x00007ff937090000 - 0x00007ff93714c000 	C:\Program Files\jmonkeyplatform\jdk\jre\bin\fontmanager.dll
0x00007ff94bfe0000 - 0x00007ff94bffa000 	C:\Program Files\jmonkeyplatform\jdk\jre\bin\net.dll
0x00007ff945b50000 - 0x00007ff945d26000 	C:\WINDOWS\SYSTEM32\urlmon.dll
0x00007ff9433c0000 - 0x00007ff943666000 	C:\WINDOWS\SYSTEM32\iertutil.dll
0x00007ff952c30000 - 0x00007ff952c3c000 	C:\WINDOWS\SYSTEM32\CRYPTBASE.DLL
0x00007ff952a60000 - 0x00007ff952ac7000 	C:\WINDOWS\system32\mswsock.dll
0x00007ff94bf50000 - 0x00007ff94bf62000 	C:\Program Files\jmonkeyplatform\jdk\jre\bin\nio.dll
0x00007ff93b1c0000 - 0x00007ff93b25e000 	C:\WINDOWS\System32\TextInputFramework.dll
0x00007ff94c360000 - 0x00007ff94c68a000 	C:\WINDOWS\System32\CoreUIComponents.dll
0x00007ff950040000 - 0x00007ff950114000 	C:\WINDOWS\System32\CoreMessaging.dll
0x00007ff952250000 - 0x00007ff952281000 	C:\WINDOWS\SYSTEM32\ntmarta.dll
0x00007ff94e440000 - 0x00007ff94e593000 	C:\WINDOWS\SYSTEM32\wintypes.dll
0x00007ff9557a0000 - 0x00007ff955842000 	C:\WINDOWS\System32\clbcatq.dll
0x00007ff914dc0000 - 0x00007ff914f92000 	F:\JME Projects\Plants VS Zombies\bulletjme.dll
0x0000000180000000 - 0x0000000180064000 	F:\JME Projects\Plants VS Zombies\OpenAL64.dll
0x00000225ce5b0000 - 0x00000225ce603000 	F:\JME Projects\Plants VS Zombies\lwjgl64.dll
0x00007ff94e810000 - 0x00007ff94e8be000 	C:\WINDOWS\SYSTEM32\mscms.dll
0x00007ff9530e0000 - 0x00007ff953105000 	C:\WINDOWS\SYSTEM32\USERENV.dll
0x00007ff94e7f0000 - 0x00007ff94e807000 	C:\WINDOWS\SYSTEM32\ColorAdapterClient.dll
0x00007ff94a2b0000 - 0x00007ff94a2ca000 	C:\Windows\System32\Windows.Internal.Graphics.Display.DisplayColorManagement.dll
0x00007ff900fd0000 - 0x00007ff901ebe000 	C:\WINDOWS\System32\DriverStore\FileRepository\iigd_dc_base.inf_amd64_55c12d0c9f31d154\ig9icd64.dll
0x00007ff951ef0000 - 0x00007ff951fdb000 	C:\WINDOWS\SYSTEM32\dxgi.dll
0x00007ff925410000 - 0x00007ff925453000 	C:\WINDOWS\SYSTEM32\icm32.dll
0x00007ff946770000 - 0x00007ff948671000 	C:\WINDOWS\System32\DriverStore\FileRepository\iigd_dc_base.inf_amd64_55c12d0c9f31d154\igc64.dll
0x00007ff94cc00000 - 0x00007ff94cc72000 	C:\WINDOWS\System32\MMDevApi.dll
0x00007ff952ff0000 - 0x00007ff95301a000 	C:\WINDOWS\System32\DEVOBJ.dll
0x00007ff944900000 - 0x00007ff944999000 	C:\WINDOWS\SYSTEM32\dsound.dll
0x00007ff94cc80000 - 0x00007ff94cddd000 	C:\WINDOWS\SYSTEM32\AUDIOSES.DLL
0x00007ff951b30000 - 0x00007ff951d24000 	C:\WINDOWS\SYSTEM32\dbghelp.dll

VM Arguments:
jvm_args: -Dfile.encoding=UTF-8 
java_command: mygame.Main
java_class_path (initial): C:\Program Files\jmonkeyplatform\jmonkeyplatform\libs\jme3-jogg-3.2.3-stable.jar;C:\Program Files\jmonkeyplatform\jmonkeyplatform\libs\j-ogg-all-1.0.0.jar;C:\Program Files\jmonkeyplatform\jmonkeyplatform\libs\jme3-networking-3.2.3-stable.jar;C:\Program Files\jmonkeyplatform\jmonkeyplatform\libs\jme3-plugins-3.2.3-stable.jar;C:\Program Files\jmonkeyplatform\jmonkeyplatform\libs\gson-2.8.1.jar;C:\Program Files\jmonkeyplatform\jmonkeyplatform\libs\jme3-core-3.2.3-stable.jar;C:\Program Files\jmonkeyplatform\jmonkeyplatform\libs\jme3-desktop-3.2.3-stable.jar;C:\Program Files\jmonkeyplatform\jmonkeyplatform\libs\jme3-lwjgl-3.2.3-stable.jar;C:\Program Files\jmonkeyplatform\jmonkeyplatform\libs\lwjgl-2.9.3.jar;C:\Program Files\jmonkeyplatform\jmonkeyplatform\libs\jinput-2.0.5.jar;C:\Program Files\jmonkeyplatform\jmonkeyplatform\libs\jinput-platform-2.0.5-natives-linux.jar;C:\Program Files\jmonkeyplatform\jmonkeyplatform\libs\jinput-platform-2.0.5-natives-windows.jar;C:\Program Files\jmonkeyplatform\jmonkeyplatform\libs\jinput-platform-2.0.5-natives-osx.jar;C:\Program Files\jmonkeyplatform\jmonkeyplatform\libs\jutils-1.0.0.jar;C:\Program Files\jmonkeyplatform\jmonkeyplatform\libs\lwjgl-platform-2.9.3-natives-windows.jar;C:\Program Files\jmonkeyplatform\jmonkeyplatform\libs\lwjgl-platform-2.9.3-natives-linux.jar;C:\Program Files\jmonkeyplatform\jmonkeyplatform\libs\lwjgl-platform-2.9.3-natives-osx.jar;C:\Program Files\jmonkeyplatform\jmonkeyplatform\libs\jme3-effects-3.2.3-stable.jar;C:\Program Files\jmonkeyplatform\jmonkeyplatform\libs\jme3-terrain-3.2.3-stable.jar;C:\Program Files\jmonkeyplatform\jmonkeyplatform\libs\jme3-bullet-3.2.3-stable.jar;C:\Program Files\jmonkeyplatform\jmonkeyplatform\libs\jme3-bullet-native-3.2.3-stable.jar;C:\Program Files\jmonkeyplatform\jmonkeyplatform\libs\jme3-niftygui-3.2.3-stable.jar;C:\Program Files\jmonkeyplatform\jmonkeyplatform\libs\nifty-style-black-1.4.3.jar;C:\Program Files\jmonkeyplatform\jmonkeyplatform
Launcher Type: SUN_STANDARD

Environment Variables:
PATH=C:\Program Files (x86)\Common Files\Oracle\Java\javapath;C:\ProgramData\Oracle\Java\javapath;C:\Program Files (x86)\Intel\Intel(R) Management Engine Components\iCLS\;C:\Program Files\Intel\Intel(R) Management Engine Components\iCLS\;C:\Windows\system32;C:\Windows;C:\Windows\System32\Wbem;C:\Windows\System32\WindowsPowerShell\v1.0\;C:\Windows\System32\OpenSSH\;C:\Program Files (x86)\NVIDIA Corporation\PhysX\Common;C:\Program Files\Intel\WiFi\bin\;C:\Program Files\Common Files\Intel\WirelessCommon\;C:\Program Files (x86)\Intel\Intel(R) Management Engine Components\DAL;C:\Program Files\Intel\Intel(R) Management Engine Components\DAL;C:\Program Files (x86)\Intel\Intel(R) Management Engine Components\IPT;C:\Program Files\Intel\Intel(R) Management Engine Components\IPT;C:\Program Files\NVIDIA Corporation\NVIDIA NvDLISR;C:\Program Files\Git\cmd;C:\Program Files (x86)\Microsoft SQL Server\150\DTS\Binn\;C:\Program Files\Microsoft SQL Server\Client SDK\ODBC\130\Tools\Binn\;C:\Program Files (x86)\Microsoft SQL Server\140\Tools\Binn\;C:\Program Files\Microsoft SQL Server\140\Tools\Binn\;C:\Program Files\Microsoft SQL Server\140\DTS\Binn\;C:\Program Files\Microsoft SQL Server\130\Tools\Binn\;C:\Program Files\Git LFS;C:\WINDOWS\system32;C:\WINDOWS;C:\WINDOWS\System32\Wbem;C:\WINDOWS\System32\WindowsPowerShell\v1.0\;C:\WINDOWS\System32\OpenSSH\;C:\Users\DELL\AppData\Local\Microsoft\WindowsApps;C:\Program Files\Intel\WiFi\bin\;C:\Program Files\Common Files\Intel\WirelessCommon\;C:\Users\DELL\AppData\Local\GitHubDesktop\bin;C:\Users\DELL\AppData\Local\Programs\Microsoft VS Code\bin;C:\Users\DELL\AppData\Local\Microsoft\WindowsApps;
USERNAME=DELL
OS=Windows_NT
PROCESSOR_IDENTIFIER=Intel64 Family 6 Model 158 Stepping 10, GenuineIntel



---------------  S Y S T E M  ---------------

OS: Windows 10.0 , 64 bit Build 18362 (10.0.18362.959)

CPU:total 12 (initial active 12) (6 cores per cpu, 2 threads per core) family 6 model 158 stepping 10, cmov, cx8, fxsr, mmx, sse, sse2, sse3, ssse3, sse4.1, sse4.2, popcnt, avx, avx2, aes, clmul, erms, rtm, 3dnowpref, lzcnt, ht, tsc, tscinvbit, bmi1, bmi2, adx

Memory: 4k page, physical 16566556k(9773960k free), swap 19056924k(8612488k free)

vm_info: OpenJDK 64-Bit Server VM (25.212-b04) for windows-amd64 JRE (1.8.0_212-b04), built on Jun  3 2019 21:11:11 by "jenkins" with MS VC++ 12.0 (VS2013)

time: Wed Jul 22 13:51:33 2020
timezone: Egypt Standard Time
elapsed time: 6 seconds (0d 0h 0m 6s)

