#
# A fatal error has been detected by the Java Runtime Environment:
#
#  EXCEPTION_ACCESS_VIOLATION (0xc0000005) at pc=0x0000000180011066, pid=16744, tid=0x000000000000526c
#
# JRE version: OpenJDK Runtime Environment (8.0_212-b04) (build 1.8.0_212-b04)
# Java VM: OpenJDK 64-Bit Server VM (25.212-b04 mixed mode windows-amd64 compressed oops)
# Problematic frame:
# C  [OpenAL64.dll+0x11066]
#
# Failed to write core dump. Minidumps are not enabled by default on client versions of Windows
#
# If you would like to submit a bug report, please visit:
#   
# The crash happened outside the Java Virtual Machine in native code.
# See problematic frame for where to report the bug.
#

---------------  T H R E A D  ---------------

Current thread (0x000001fcb2b04000):  JavaThread "jME3 Main" [_thread_in_native, id=21100, stack(0x000000536e300000,0x000000536e400000)]

siginfo: ExceptionCode=0xc0000005, reading address 0x000001fcbddf2004

Registers:
RAX=0x0000000000000004, RBX=0x000001fcbed70090, RCX=0x000001fcbddf2008, RDX=0x000001fcbddf2004
RSP=0x000000536e3fef40, RBP=0x00000000000000ff, RSI=0x000001fcbddec34c, RDI=0x0000000000000000
R8 =0x000000000000172e, R9 =0x000001fcbddec34c, R10=0x000001fc96ae9c42, R11=0x0000000070b211b0
R12=0x0000000000000001, R13=0x000001fcbebd8da0, R14=0x000000536e3ff0e0, R15=0x000001fcb2b04000
RIP=0x0000000180011066, EFLAGS=0x0000000000010202

Top of Stack: (sp=0x000000536e3fef40)
0x000000536e3fef40:   0000000000000000 0000000000000000
0x000000536e3fef50:   0000000000000000 000001fcb2b04000
0x000000536e3fef60:   000000536e3ff0e0 000001fcbebd8da0
0x000000536e3fef70:   000001fcb2b04000 000001fcb2b0d860
0x000000536e3fef80:   000001fcbebd8da0 0000000000000000
0x000000536e3fef90:   000001fcb2b06d10 00000000709c6365
0x000000536e3fefa0:   000000536e3ff8b0 000001fcb2185060
0x000000536e3fefb0:   000001fcb2b04000 000000536e3ff0e0
0x000000536e3fefc0:   000001fcbebd8da0 0000000000000000
0x000000536e3fefd0:   000001fcbddec34c 00000006c320c308
0x000000536e3fefe0:   000000536e3ff0a8 000000018001248f
0x000000536e3feff0:   000001fcbed70090 000001fcbed70090
0x000000536e3ff000:   000000060000ac44 000001fc00000004
0x000000536e3ff010:   0000000000000010 000001fc96ae9c6e
0x000000536e3ff020:   000001fcbebd8da0 000000536e3ff028
0x000000536e3ff030:   0000000000000010 000001fc96ae997b 

Instructions: (pc=0x0000000180011066)
0x0000000180011046:   41 2b ec 81 3a 03 00 02 00 75 09 8b 01 89 84 24
0x0000000180011056:   c8 00 00 00 49 83 c0 02 48 83 c1 08 4a 8d 14 86
0x0000000180011066:   39 3a 75 af 4c 8d 84 24 c0 00 00 00 48 8d 15 d7
0x0000000180011076:   2b 03 00 33 c9 e8 58 5f 00 00 b8 40 1f 00 00 4c 


Register to memory mapping:

RAX=0x0000000000000004 is an unknown value
RBX=0x000001fcbed70090 is an unknown value
RCX=0x000001fcbddf2008 is an unknown value
RDX=0x000001fcbddf2004 is an unknown value
RSP=0x000000536e3fef40 is pointing into the stack for thread: 0x000001fcb2b04000
RBP=0x00000000000000ff is an unknown value
RSI=0x000001fcbddec34c is an unknown value
RDI=0x0000000000000000 is an unknown value
R8 =0x000000000000172e is an unknown value
R9 =0x000001fcbddec34c is an unknown value
R10=0x000001fc96ae9c42 is at code_begin+962 in an Interpreter codelet
method entry point (kind = native)  [0x000001fc96ae9880, 0x000001fc96aea320]  2720 bytes
R11=0x0000000070b211b0 is an unknown value
R12=0x0000000000000001 is an unknown value
R13={method} {0x000001fcbebd8da8} 'nalcCreateContext' '(JJ)J' in 'org/lwjgl/openal/ALC10'
R14=0x000000536e3ff0e0 is pointing into the stack for thread: 0x000001fcb2b04000
R15=0x000001fcb2b04000 is a thread


Stack: [0x000000536e300000,0x000000536e400000],  sp=0x000000536e3fef40,  free space=1019k
Native frames: (J=compiled Java code, j=interpreted, Vv=VM code, C=native code)
C  [OpenAL64.dll+0x11066]
C  [OpenAL64.dll+0x1248f]
C  0x000001fc96ae9c6e

Java frames: (J=compiled Java code, j=interpreted, Vv=VM code)
j  org.lwjgl.openal.ALC10.nalcCreateContext(JJ)J+0
j  org.lwjgl.openal.ALC10.alcCreateContext(Lorg/lwjgl/openal/ALCdevice;Ljava/nio/IntBuffer;)Lorg/lwjgl/openal/ALCcontext;+8
j  org.lwjgl.openal.AL.init(Ljava/lang/String;IIZZ)V+69
j  org.lwjgl.openal.AL.create(Ljava/lang/String;IIZZ)V+246
j  org.lwjgl.openal.AL.create(Ljava/lang/String;IIZ)V+5
j  org.lwjgl.openal.AL.create()V+6
j  com.jme3.audio.lwjgl.LwjglALC.createALC()V+0
j  com.jme3.audio.openal.ALAudioRenderer.initOpenAL()V+16
j  com.jme3.audio.openal.ALAudioRenderer.initialize()V+21
j  com.jme3.app.LegacyApplication.initAudio()V+40
j  com.jme3.app.LegacyApplication.initialize()V+31
j  com.jme3.app.SimpleApplication.initialize()V+1
j  com.jme3.system.lwjgl.LwjglAbstractDisplay.initInThread()Z+90
j  com.jme3.system.lwjgl.LwjglAbstractDisplay.run()V+36
j  java.lang.Thread.run()V+11
v  ~StubRoutines::call_stub

---------------  P R O C E S S  ---------------

Java Threads: ( => current thread )
  0x000001fc9509c000 JavaThread "DestroyJavaVM" [_thread_blocked, id=20064, stack(0x000000536c700000,0x000000536c800000)]
=>0x000001fcb2b04000 JavaThread "jME3 Main" [_thread_in_native, id=21100, stack(0x000000536e300000,0x000000536e400000)]
  0x000001fcb2a07800 JavaThread "TimerQueue" daemon [_thread_blocked, id=3248, stack(0x000000536e200000,0x000000536e300000)]
  0x000001fcb2883800 JavaThread "Image Fetcher 0" daemon [_thread_blocked, id=22148, stack(0x000000536e100000,0x000000536e200000)]
  0x000001fcb27eb000 JavaThread "AWT-EventQueue-0" [_thread_blocked, id=22736, stack(0x000000536e000000,0x000000536e100000)]
  0x000001fcb277b000 JavaThread "AWT-Windows" daemon [_thread_in_native, id=7476, stack(0x000000536df00000,0x000000536e000000)]
  0x000001fcb277a000 JavaThread "AWT-Shutdown" [_thread_blocked, id=20644, stack(0x000000536de00000,0x000000536df00000)]
  0x000001fcb2779800 JavaThread "Java2D Disposer" daemon [_thread_blocked, id=21948, stack(0x000000536dd00000,0x000000536de00000)]
  0x000001fcafd2e800 JavaThread "Service Thread" daemon [_thread_blocked, id=2700, stack(0x000000536db00000,0x000000536dc00000)]
  0x000001fcafd0b800 JavaThread "C1 CompilerThread3" daemon [_thread_blocked, id=22040, stack(0x000000536da00000,0x000000536db00000)]
  0x000001fcafd07800 JavaThread "C2 CompilerThread2" daemon [_thread_blocked, id=26548, stack(0x000000536d900000,0x000000536da00000)]
  0x000001fcafd04800 JavaThread "C2 CompilerThread1" daemon [_thread_blocked, id=7332, stack(0x000000536d800000,0x000000536d900000)]
  0x000001fcafcfa800 JavaThread "C2 CompilerThread0" daemon [_thread_blocked, id=24688, stack(0x000000536d700000,0x000000536d800000)]
  0x000001fcafcf1800 JavaThread "Attach Listener" daemon [_thread_blocked, id=11672, stack(0x000000536d600000,0x000000536d700000)]
  0x000001fcafcf0800 JavaThread "Signal Dispatcher" daemon [_thread_blocked, id=4136, stack(0x000000536d500000,0x000000536d600000)]
  0x000001fcafccd000 JavaThread "Finalizer" daemon [_thread_blocked, id=14808, stack(0x000000536d400000,0x000000536d500000)]
  0x000001fcafcc1000 JavaThread "Reference Handler" daemon [_thread_blocked, id=23692, stack(0x000000536d300000,0x000000536d400000)]

Other Threads:
  0x000001fcafc96000 VMThread [stack: 0x000000536d200000,0x000000536d300000] [id=8860]
  0x000001fcb21be000 WatcherThread [stack: 0x000000536dc00000,0x000000536dd00000] [id=22208]

VM state:not at safepoint (normal execution)

VM Mutex/Monitor currently owned by a thread: None

heap address: 0x00000006c3200000, size: 4046 MB, Compressed Oops mode: Zero based, Oop shift amount: 3
Narrow klass base: 0x0000000000000000, Narrow klass shift: 3
Compressed class space size: 1073741824 Address: 0x00000007c0000000

Heap:
 PSYoungGen      total 75776K, used 15373K [0x000000076bb80000, 0x0000000771000000, 0x00000007c0000000)
  eden space 65024K, 23% used [0x000000076bb80000,0x000000076ca836b8,0x000000076fb00000)
  from space 10752K, 0% used [0x0000000770580000,0x0000000770580000,0x0000000771000000)
  to   space 10752K, 0% used [0x000000076fb00000,0x000000076fb00000,0x0000000770580000)
 ParOldGen       total 173568K, used 4809K [0x00000006c3200000, 0x00000006cdb80000, 0x000000076bb80000)
  object space 173568K, 2% used [0x00000006c3200000,0x00000006c36b2740,0x00000006cdb80000)
 Metaspace       used 16462K, capacity 16653K, committed 16896K, reserved 1064960K
  class space    used 1882K, capacity 1974K, committed 2048K, reserved 1048576K

Card table byte_map: [0x000001fca5e90000,0x000001fca6680000] byte_map_base: 0x000001fca2877000

Marking Bits: (ParMarkBitMap*) 0x00000000710b1f50
 Begin Bits: [0x000001fca6bd0000, 0x000001fcaab08000)
 End Bits:   [0x000001fcaab08000, 0x000001fcaea40000)

Polling page: 0x000001fc95260000

CodeCache: size=245760Kb used=4070Kb max_used=4070Kb free=241689Kb
 bounds [0x000001fc96ad0000, 0x000001fc96ed0000, 0x000001fca5ad0000]
 total_blobs=1786 nmethods=1184 adapters=515
 compilation: enabled

Compilation events (10 events):
Event: 3.263 Thread 0x000001fcafcfa800 nmethod 1155 0x000001fc96ec3510 code [0x000001fc96ec3860, 0x000001fc96ec5310]
Event: 3.264 Thread 0x000001fcafd0b800 nmethod 1178 0x000001fc96ec77d0 code [0x000001fc96ec7c80, 0x000001fc96ecae20]
Event: 3.265 Thread 0x000001fcafd0b800 1179       3       java.net.URLStreamHandler::setURL (40 bytes)
Event: 3.265 Thread 0x000001fcafd0b800 nmethod 1179 0x000001fc96ebd850 code [0x000001fc96ebd9e0, 0x000001fc96ebdde0]
Event: 3.265 Thread 0x000001fcafd0b800 1180   !   3       java.net.URL::set (114 bytes)
Event: 3.265 Thread 0x000001fcafd0b800 nmethod 1180 0x000001fc96ebe510 code [0x000001fc96ebe700, 0x000001fc96ebf260]
Event: 3.291 Thread 0x000001fcafd0b800 1184       3       java.util.zip.ZipFile::access$1100 (5 bytes)
Event: 3.291 Thread 0x000001fcafd0b800 nmethod 1184 0x000001fc96ec2810 code [0x000001fc96ec2980, 0x000001fc96ec2af0]
Event: 3.291 Thread 0x000001fcafd0b800 1185       3       java.util.zip.ZipFile::access$1200 (5 bytes)
Event: 3.291 Thread 0x000001fcafd0b800 nmethod 1185 0x000001fc96ec2490 code [0x000001fc96ec2600, 0x000001fc96ec2770]

GC Heap History (8 events):
Event: 2.662 GC heap before
{Heap before GC invocations=1 (full 0):
 PSYoungGen      total 75776K, used 16872K [0x000000076bb80000, 0x0000000771000000, 0x00000007c0000000)
  eden space 65024K, 25% used [0x000000076bb80000,0x000000076cbfa1c0,0x000000076fb00000)
  from space 10752K, 0% used [0x0000000770580000,0x0000000770580000,0x0000000771000000)
  to   space 10752K, 0% used [0x000000076fb00000,0x000000076fb00000,0x0000000770580000)
 ParOldGen       total 173568K, used 0K [0x00000006c3200000, 0x00000006cdb80000, 0x000000076bb80000)
  object space 173568K, 0% used [0x00000006c3200000,0x00000006c3200000,0x00000006cdb80000)
 Metaspace       used 12865K, capacity 13066K, committed 13312K, reserved 1060864K
  class space    used 1606K, capacity 1686K, committed 1792K, reserved 1048576K
Event: 2.670 GC heap after
Heap after GC invocations=1 (full 0):
 PSYoungGen      total 75776K, used 7503K [0x000000076bb80000, 0x0000000771000000, 0x00000007c0000000)
  eden space 65024K, 0% used [0x000000076bb80000,0x000000076bb80000,0x000000076fb00000)
  from space 10752K, 69% used [0x000000076fb00000,0x0000000770253f88,0x0000000770580000)
  to   space 10752K, 0% used [0x0000000770580000,0x0000000770580000,0x0000000771000000)
 ParOldGen       total 173568K, used 24K [0x00000006c3200000, 0x00000006cdb80000, 0x000000076bb80000)
  object space 173568K, 0% used [0x00000006c3200000,0x00000006c3206000,0x00000006cdb80000)
 Metaspace       used 12865K, capacity 13066K, committed 13312K, reserved 1060864K
  class space    used 1606K, capacity 1686K, committed 1792K, reserved 1048576K
}
Event: 2.670 GC heap before
{Heap before GC invocations=2 (full 1):
 PSYoungGen      total 75776K, used 7503K [0x000000076bb80000, 0x0000000771000000, 0x00000007c0000000)
  eden space 65024K, 0% used [0x000000076bb80000,0x000000076bb80000,0x000000076fb00000)
  from space 10752K, 69% used [0x000000076fb00000,0x0000000770253f88,0x0000000770580000)
  to   space 10752K, 0% used [0x0000000770580000,0x0000000770580000,0x0000000771000000)
 ParOldGen       total 173568K, used 24K [0x00000006c3200000, 0x00000006cdb80000, 0x000000076bb80000)
  object space 173568K, 0% used [0x00000006c3200000,0x00000006c3206000,0x00000006cdb80000)
 Metaspace       used 12865K, capacity 13066K, committed 13312K, reserved 1060864K
  class space    used 1606K, capacity 1686K, committed 1792K, reserved 1048576K
Event: 2.694 GC heap after
Heap after GC invocations=2 (full 1):
 PSYoungGen      total 75776K, used 0K [0x000000076bb80000, 0x0000000771000000, 0x00000007c0000000)
  eden space 65024K, 0% used [0x000000076bb80000,0x000000076bb80000,0x000000076fb00000)
  from space 10752K, 0% used [0x000000076fb00000,0x000000076fb00000,0x0000000770580000)
  to   space 10752K, 0% used [0x0000000770580000,0x0000000770580000,0x0000000771000000)
 ParOldGen       total 173568K, used 4809K [0x00000006c3200000, 0x00000006cdb80000, 0x000000076bb80000)
  object space 173568K, 2% used [0x00000006c3200000,0x00000006c36b2740,0x00000006cdb80000)
 Metaspace       used 12865K, capacity 13066K, committed 13312K, reserved 1060864K
  class space    used 1606K, capacity 1686K, committed 1792K, reserved 1048576K
}
Event: 2.695 GC heap before
{Heap before GC invocations=3 (full 1):
 PSYoungGen      total 75776K, used 0K [0x000000076bb80000, 0x0000000771000000, 0x00000007c0000000)
  eden space 65024K, 0% used [0x000000076bb80000,0x000000076bb80000,0x000000076fb00000)
  from space 10752K, 0% used [0x000000076fb00000,0x000000076fb00000,0x0000000770580000)
  to   space 10752K, 0% used [0x0000000770580000,0x0000000770580000,0x0000000771000000)
 ParOldGen       total 173568K, used 4809K [0x00000006c3200000, 0x00000006cdb80000, 0x000000076bb80000)
  object space 173568K, 2% used [0x00000006c3200000,0x00000006c36b2740,0x00000006cdb80000)
 Metaspace       used 12865K, capacity 13066K, committed 13312K, reserved 1060864K
  class space    used 1606K, capacity 1686K, committed 1792K, reserved 1048576K
Event: 2.697 GC heap after
Heap after GC invocations=3 (full 1):
 PSYoungGen      total 75776K, used 0K [0x000000076bb80000, 0x0000000771000000, 0x00000007c0000000)
  eden space 65024K, 0% used [0x000000076bb80000,0x000000076bb80000,0x000000076fb00000)
  from space 10752K, 0% used [0x0000000770580000,0x0000000770580000,0x0000000771000000)
  to   space 10752K, 0% used [0x000000076fb00000,0x000000076fb00000,0x0000000770580000)
 ParOldGen       total 173568K, used 4809K [0x00000006c3200000, 0x00000006cdb80000, 0x000000076bb80000)
  object space 173568K, 2% used [0x00000006c3200000,0x00000006c36b2740,0x00000006cdb80000)
 Metaspace       used 12865K, capacity 13066K, committed 13312K, reserved 1060864K
  class space    used 1606K, capacity 1686K, committed 1792K, reserved 1048576K
}
Event: 2.697 GC heap before
{Heap before GC invocations=4 (full 2):
 PSYoungGen      total 75776K, used 0K [0x000000076bb80000, 0x0000000771000000, 0x00000007c0000000)
  eden space 65024K, 0% used [0x000000076bb80000,0x000000076bb80000,0x000000076fb00000)
  from space 10752K, 0% used [0x0000000770580000,0x0000000770580000,0x0000000771000000)
  to   space 10752K, 0% used [0x000000076fb00000,0x000000076fb00000,0x0000000770580000)
 ParOldGen       total 173568K, used 4809K [0x00000006c3200000, 0x00000006cdb80000, 0x000000076bb80000)
  object space 173568K, 2% used [0x00000006c3200000,0x00000006c36b2740,0x00000006cdb80000)
 Metaspace       used 12865K, capacity 13066K, committed 13312K, reserved 1060864K
  class space    used 1606K, capacity 1686K, committed 1792K, reserved 1048576K
Event: 2.706 GC heap after
Heap after GC invocations=4 (full 2):
 PSYoungGen      total 75776K, used 0K [0x000000076bb80000, 0x0000000771000000, 0x00000007c0000000)
  eden space 65024K, 0% used [0x000000076bb80000,0x000000076bb80000,0x000000076fb00000)
  from space 10752K, 0% used [0x0000000770580000,0x0000000770580000,0x0000000771000000)
  to   space 10752K, 0% used [0x000000076fb00000,0x000000076fb00000,0x0000000770580000)
 ParOldGen       total 173568K, used 4809K [0x00000006c3200000, 0x00000006cdb80000, 0x000000076bb80000)
  object space 173568K, 2% used [0x00000006c3200000,0x00000006c36b2740,0x00000006cdb80000)
 Metaspace       used 12865K, capacity 13066K, committed 13312K, reserved 1060864K
  class space    used 1606K, capacity 1686K, committed 1792K, reserved 1048576K
}

Deoptimization events (4 events):
Event: 0.793 Thread 0x000001fcb27eb000 Uncommon trap: reason=class_check action=maybe_recompile pc=0x000001fc96c67750 method=java.lang.String.equals(Ljava/lang/Object;)Z @ 8
Event: 0.793 Thread 0x000001fcb27eb000 Uncommon trap: reason=class_check action=maybe_recompile pc=0x000001fc96c67750 method=java.lang.String.equals(Ljava/lang/Object;)Z @ 8
Event: 0.793 Thread 0x000001fcb27eb000 Uncommon trap: reason=class_check action=maybe_recompile pc=0x000001fc96c67750 method=java.lang.String.equals(Ljava/lang/Object;)Z @ 8
Event: 0.796 Thread 0x000001fcb27eb000 Uncommon trap: reason=class_check action=maybe_recompile pc=0x000001fc96c67750 method=java.lang.String.equals(Ljava/lang/Object;)Z @ 8

Classes redefined (0 events):
No events

Internal exceptions (10 events):
Event: 0.264 Thread 0x000001fc9509c000 Exception <a 'java/lang/NoSuchFieldError': method resolution failed> (0x000000076bfff158) thrown at [C:\cygwin64\tmp\openjdk-jdk8u-windows-x64-hotspot\workspace\build\src\hotspot\src\share\vm\prims\methodHandles.cpp, line 1167]
Event: 0.301 Thread 0x000001fc9509c000 Exception <a 'java/lang/ClassNotFoundException': sun/dc/DuctusRenderingEngine> (0x000000076c087c10) thrown at [C:\cygwin64\tmp\openjdk-jdk8u-windows-x64-hotspot\workspace\build\src\hotspot\src\share\vm\classfile\systemDictionary.cpp, line 210]
Event: 0.355 Thread 0x000001fcb27eb000 Exception <a 'java/io/FileNotFoundException'> (0x000000076c353fd0) thrown at [C:\cygwin64\tmp\openjdk-jdk8u-windows-x64-hotspot\workspace\build\src\hotspot\src\share\vm\prims\jni.cpp, line 710]
Event: 0.405 Thread 0x000001fcb27eb000 Exception <a 'java/lang/NoClassDefFoundError'> (0x000000076c3ef8f0) thrown at [C:\cygwin64\tmp\openjdk-jdk8u-windows-x64-hotspot\workspace\build\src\hotspot\src\share\vm\prims\jvm.cpp, line 1506]
Event: 3.267 Thread 0x000001fcb2b04000 Exception <a 'java/security/PrivilegedActionException'> (0x000000076ca44ba8) thrown at [C:\cygwin64\tmp\openjdk-jdk8u-windows-x64-hotspot\workspace\build\src\hotspot\src\share\vm\prims\jvm.cpp, line 1502]
Event: 3.267 Thread 0x000001fcb2b04000 Exception <a 'java/security/PrivilegedActionException'> (0x000000076ca46718) thrown at [C:\cygwin64\tmp\openjdk-jdk8u-windows-x64-hotspot\workspace\build\src\hotspot\src\share\vm\prims\jvm.cpp, line 1502]
Event: 3.268 Thread 0x000001fcb2b04000 Exception <a 'java/security/PrivilegedActionException'> (0x000000076ca47838) thrown at [C:\cygwin64\tmp\openjdk-jdk8u-windows-x64-hotspot\workspace\build\src\hotspot\src\share\vm\prims\jvm.cpp, line 1502]
Event: 3.268 Thread 0x000001fcb2b04000 Exception <a 'java/security/PrivilegedActionException'> (0x000000076ca4c958) thrown at [C:\cygwin64\tmp\openjdk-jdk8u-windows-x64-hotspot\workspace\build\src\hotspot\src\share\vm\prims\jvm.cpp, line 1502]
Event: 3.268 Thread 0x000001fcb2b04000 Exception <a 'java/security/PrivilegedActionException'> (0x000000076ca4d5b0) thrown at [C:\cygwin64\tmp\openjdk-jdk8u-windows-x64-hotspot\workspace\build\src\hotspot\src\share\vm\prims\jvm.cpp, line 1502]
Event: 3.268 Thread 0x000001fcb2b04000 Exception <a 'java/security/PrivilegedActionException'> (0x000000076ca4e1d8) thrown at [C:\cygwin64\tmp\openjdk-jdk8u-windows-x64-hotspot\workspace\build\src\hotspot\src\share\vm\prims\jvm.cpp, line 1502]

Events (10 events):
Event: 3.269 loading class org/lwjgl/openal/ALC10
Event: 3.269 loading class org/lwjgl/openal/ALC10 done
Event: 3.281 loading class org/lwjgl/openal/ALCdevice
Event: 3.281 loading class org/lwjgl/openal/ALCdevice done
Event: 3.282 loading class org/lwjgl/openal/ALCcontext
Event: 3.282 loading class org/lwjgl/openal/ALCcontext done
Event: 3.282 loading class org/lwjgl/openal/Util
Event: 3.282 loading class org/lwjgl/openal/Util done
Event: 3.291 loading class org/lwjgl/openal/OpenALException
Event: 3.291 loading class org/lwjgl/openal/OpenALException done


Dynamic libraries:
0x00007ff702930000 - 0x00007ff70296a000 	C:\Program Files\jmonkeyplatform\jdk\bin\java.exe
0x00007ffd75ac0000 - 0x00007ffd75cad000 	C:\Windows\SYSTEM32\ntdll.dll
0x00007ffd72d90000 - 0x00007ffd72e43000 	C:\Windows\System32\KERNEL32.DLL
0x00007ffd72990000 - 0x00007ffd72c23000 	C:\Windows\System32\KERNELBASE.dll
0x00007ffd75580000 - 0x00007ffd75623000 	C:\Windows\System32\ADVAPI32.dll
0x00007ffd73000000 - 0x00007ffd7309e000 	C:\Windows\System32\msvcrt.dll
0x00007ffd75630000 - 0x00007ffd756ce000 	C:\Windows\System32\sechost.dll
0x00007ffd75160000 - 0x00007ffd75282000 	C:\Windows\System32\RPCRT4.dll
0x00007ffd74fc0000 - 0x00007ffd75157000 	C:\Windows\System32\USER32.dll
0x00007ffd72940000 - 0x00007ffd72960000 	C:\Windows\System32\win32u.dll
0x00007ffd74ec0000 - 0x00007ffd74ee9000 	C:\Windows\System32\GDI32.dll
0x00007ffd71ff0000 - 0x00007ffd72189000 	C:\Windows\System32\gdi32full.dll
0x00007ffd71e00000 - 0x00007ffd71ea0000 	C:\Windows\System32\msvcp_win.dll
0x00007ffd71ea0000 - 0x00007ffd71f9a000 	C:\Windows\System32\ucrtbase.dll
0x00007ffd49520000 - 0x00007ffd49799000 	C:\Windows\WinSxS\amd64_microsoft.windows.common-controls_6595b64144ccf1df_6.0.17763.1039_none_de701650534c7021\COMCTL32.dll
0x00007ffd756e0000 - 0x00007ffd75a0c000 	C:\Windows\System32\combase.dll
0x00007ffd71b80000 - 0x00007ffd71bfe000 	C:\Windows\System32\bcryptPrimitives.dll
0x00007ffd72d60000 - 0x00007ffd72d8e000 	C:\Windows\System32\IMM32.DLL
0x00007ffd29490000 - 0x00007ffd2957f000 	C:\Program Files\jmonkeyplatform\jdk\jre\bin\msvcr120.dll
0x00007ffd51120000 - 0x00007ffd511c6000 	C:\Program Files\jmonkeyplatform\jdk\jre\bin\msvcp120.dll
0x0000000070930000 - 0x000000007112b000 	C:\Program Files\jmonkeyplatform\jdk\jre\bin\server\jvm.dll
0x00007ffd756d0000 - 0x00007ffd756d8000 	C:\Windows\System32\PSAPI.DLL
0x00007ffd53640000 - 0x00007ffd53649000 	C:\Windows\SYSTEM32\WSOCK32.dll
0x00007ffd6bff0000 - 0x00007ffd6c014000 	C:\Windows\SYSTEM32\WINMM.dll
0x00007ffd6d120000 - 0x00007ffd6d12a000 	C:\Windows\SYSTEM32\VERSION.dll
0x00007ffd74e50000 - 0x00007ffd74ebd000 	C:\Windows\System32\WS2_32.dll
0x00007ffd6be60000 - 0x00007ffd6be8d000 	C:\Windows\SYSTEM32\winmmbase.dll
0x00007ffd71fa0000 - 0x00007ffd71fea000 	C:\Windows\System32\cfgmgr32.dll
0x00007ffd6db50000 - 0x00007ffd6db5f000 	C:\Program Files\jmonkeyplatform\jdk\jre\bin\verify.dll
0x00007ffd6cfb0000 - 0x00007ffd6cfd8000 	C:\Program Files\jmonkeyplatform\jdk\jre\bin\java.dll
0x00007ffd6b310000 - 0x00007ffd6b326000 	C:\Program Files\jmonkeyplatform\jdk\jre\bin\zip.dll
0x00007ffd73950000 - 0x00007ffd74e44000 	C:\Windows\System32\SHELL32.dll
0x00007ffd75360000 - 0x00007ffd75408000 	C:\Windows\System32\shcore.dll
0x00007ffd72190000 - 0x00007ffd728dd000 	C:\Windows\System32\windows.storage.dll
0x00007ffd71b50000 - 0x00007ffd71b74000 	C:\Windows\System32\profapi.dll
0x00007ffd71ab0000 - 0x00007ffd71b0d000 	C:\Windows\System32\powrprof.dll
0x00007ffd75300000 - 0x00007ffd75352000 	C:\Windows\System32\shlwapi.dll
0x00007ffd71b30000 - 0x00007ffd71b41000 	C:\Windows\System32\kernel.appcore.dll
0x00007ffd71de0000 - 0x00007ffd71df7000 	C:\Windows\System32\cryptsp.dll
0x00007ffd45d50000 - 0x00007ffd45ee5000 	C:\Program Files\jmonkeyplatform\jdk\jre\bin\awt.dll
0x00007ffd73650000 - 0x00007ffd73714000 	C:\Windows\System32\OLEAUT32.dll
0x00007ffd6ef50000 - 0x00007ffd6efdc000 	C:\Windows\SYSTEM32\apphelp.dll
0x00007ffd6f100000 - 0x00007ffd6f19c000 	C:\Windows\system32\uxtheme.dll
0x00007ffd75410000 - 0x00007ffd7557c000 	C:\Windows\System32\MSCTF.dll
0x00007ffd6fff0000 - 0x00007ffd7001e000 	C:\Windows\system32\dwmapi.dll
0x00007ffd71c00000 - 0x00007ffd71ddc000 	C:\Windows\System32\CRYPT32.dll
0x00007ffd71b10000 - 0x00007ffd71b22000 	C:\Windows\System32\MSASN1.dll
0x00007ffd737f0000 - 0x00007ffd73945000 	C:\Windows\System32\ole32.dll
0x00007ffd5e550000 - 0x00007ffd5e677000 	C:\Windows\system32\opengl32.dll
0x00007ffd5dce0000 - 0x00007ffd5dd0c000 	C:\Windows\SYSTEM32\GLU32.dll
0x00007ffd4cc90000 - 0x00007ffd4cd23000 	C:\Program Files\jmonkeyplatform\jdk\jre\bin\freetype.dll
0x00007ffd44990000 - 0x00007ffd44a4c000 	C:\Program Files\jmonkeyplatform\jdk\jre\bin\fontmanager.dll
0x00007ffd69990000 - 0x00007ffd699aa000 	C:\Program Files\jmonkeyplatform\jdk\jre\bin\net.dll
0x00007ffd626e0000 - 0x00007ffd628b8000 	C:\Windows\SYSTEM32\urlmon.dll
0x00007ffd5ecc0000 - 0x00007ffd5ef68000 	C:\Windows\SYSTEM32\iertutil.dll
0x00007ffd71490000 - 0x00007ffd7149c000 	C:\Windows\SYSTEM32\CRYPTBASE.DLL
0x00007ffd712c0000 - 0x00007ffd71327000 	C:\Windows\system32\mswsock.dll
0x00007ffd696b0000 - 0x00007ffd696c2000 	C:\Program Files\jmonkeyplatform\jdk\jre\bin\nio.dll
0x00007ffd4e500000 - 0x00007ffd4e595000 	C:\Windows\System32\TextInputFramework.dll
0x00007ffd6a120000 - 0x00007ffd6a442000 	C:\Windows\System32\CoreUIComponents.dll
0x00007ffd6ed40000 - 0x00007ffd6ee22000 	C:\Windows\System32\CoreMessaging.dll
0x00007ffd70b20000 - 0x00007ffd70b51000 	C:\Windows\SYSTEM32\ntmarta.dll
0x00007ffd6d6f0000 - 0x00007ffd6d843000 	C:\Windows\SYSTEM32\wintypes.dll
0x00007ffd74f10000 - 0x00007ffd74fb2000 	C:\Windows\System32\clbcatq.dll
0x00007ffd21de0000 - 0x00007ffd21fb2000 	F:\JME Projects\Planet VS Zombie\bulletjme.dll
0x0000000180000000 - 0x0000000180064000 	F:\JME Projects\Planet VS Zombie\OpenAL64.dll
0x000001fcb4a40000 - 0x000001fcb4a93000 	F:\JME Projects\Planet VS Zombie\lwjgl64.dll
0x00007ffd22bd0000 - 0x00007ffd23abe000 	C:\Windows\System32\DriverStore\FileRepository\iigd_dc_base.inf_amd64_55c12d0c9f31d154\ig9icd64.dll
0x00007ffd707e0000 - 0x00007ffd708a2000 	C:\Windows\SYSTEM32\dxgi.dll
0x00007ffd6cd50000 - 0x00007ffd6cdfd000 	C:\Windows\SYSTEM32\mscms.dll
0x00007ffd6db60000 - 0x00007ffd6db70000 	C:\Windows\SYSTEM32\ColorAdapterClient.dll
0x00007ffd719e0000 - 0x00007ffd71a08000 	C:\Windows\SYSTEM32\USERENV.dll
0x00007ffd36bc0000 - 0x00007ffd36c03000 	C:\Windows\SYSTEM32\icm32.dll
0x00007ffd64d00000 - 0x00007ffd66c01000 	C:\Windows\System32\DriverStore\FileRepository\iigd_dc_base.inf_amd64_55c12d0c9f31d154\igc64.dll
0x00007ffd6a980000 - 0x00007ffd6a9f0000 	C:\Windows\System32\MMDevApi.dll
0x00007ffd6f9f0000 - 0x00007ffd6fb99000 	C:\Windows\System32\PROPSYS.dll
0x00007ffd71860000 - 0x00007ffd71889000 	C:\Windows\System32\DEVOBJ.dll
0x00007ffd4cb80000 - 0x00007ffd4cc16000 	C:\Windows\SYSTEM32\dsound.dll
0x00007ffd64310000 - 0x00007ffd64458000 	C:\Windows\SYSTEM32\AUDIOSES.DLL
0x00007ffd6d1c0000 - 0x00007ffd6d1ca000 	C:\Windows\SYSTEM32\AVRT.dll
0x00007ffd70460000 - 0x00007ffd7064d000 	C:\Windows\SYSTEM32\dbghelp.dll

VM Arguments:
jvm_args: -Dfile.encoding=UTF-8 
java_command: mygame.Main
java_class_path (initial): C:\Program Files\jmonkeyplatform\jmonkeyplatform\libs\jme3-jogg-3.2.4-stable.jar;C:\Program Files\jmonkeyplatform\jmonkeyplatform\libs\j-ogg-all-1.0.0.jar;C:\Program Files\jmonkeyplatform\jmonkeyplatform\libs\jme3-networking-3.2.4-stable.jar;C:\Program Files\jmonkeyplatform\jmonkeyplatform\libs\jme3-plugins-3.2.4-stable.jar;C:\Program Files\jmonkeyplatform\jmonkeyplatform\libs\gson-2.8.1.jar;C:\Program Files\jmonkeyplatform\jmonkeyplatform\libs\jme3-core-3.2.4-stable.jar;C:\Program Files\jmonkeyplatform\jmonkeyplatform\libs\jme3-desktop-3.2.4-stable.jar;C:\Program Files\jmonkeyplatform\jmonkeyplatform\libs\jme3-lwjgl-3.2.4-stable.jar;C:\Program Files\jmonkeyplatform\jmonkeyplatform\libs\lwjgl-2.9.3.jar;C:\Program Files\jmonkeyplatform\jmonkeyplatform\libs\jinput-2.0.5.jar;C:\Program Files\jmonkeyplatform\jmonkeyplatform\libs\jinput-platform-2.0.5-natives-linux.jar;C:\Program Files\jmonkeyplatform\jmonkeyplatform\libs\jinput-platform-2.0.5-natives-windows.jar;C:\Program Files\jmonkeyplatform\jmonkeyplatform\libs\jinput-platform-2.0.5-natives-osx.jar;C:\Program Files\jmonkeyplatform\jmonkeyplatform\libs\jutils-1.0.0.jar;C:\Program Files\jmonkeyplatform\jmonkeyplatform\libs\lwjgl-platform-2.9.3-natives-windows.jar;C:\Program Files\jmonkeyplatform\jmonkeyplatform\libs\lwjgl-platform-2.9.3-natives-linux.jar;C:\Program Files\jmonkeyplatform\jmonkeyplatform\libs\lwjgl-platform-2.9.3-natives-osx.jar;C:\Program Files\jmonkeyplatform\jmonkeyplatform\libs\jme3-effects-3.2.4-stable.jar;C:\Program Files\jmonkeyplatform\jmonkeyplatform\libs\jme3-terrain-3.2.4-stable.jar;C:\Program Files\jmonkeyplatform\jmonkeyplatform\libs\jme3-bullet-3.2.4-stable.jar;C:\Program Files\jmonkeyplatform\jmonkeyplatform\libs\jme3-bullet-native-3.2.4-stable.jar;F:\JME Projects\Planet VS Zombie\build\classes;F:\JME Projects\Planet VS Zombie\assets
Launcher Type: SUN_STANDARD

Environment Variables:
PATH=C:\Program Files (x86)\Common Files\Oracle\Java\javapath;C:\ProgramData\Oracle\Java\javapath;C:\Program Files (x86)\Intel\Intel(R) Management Engine Components\iCLS\;C:\Program Files\Intel\Intel(R) Management Engine Components\iCLS\;C:\Windows\system32;C:\Windows;C:\Windows\System32\Wbem;C:\Windows\System32\WindowsPowerShell\v1.0\;C:\Windows\System32\OpenSSH\;C:\Program Files (x86)\NVIDIA Corporation\PhysX\Common;C:\Program Files\Intel\WiFi\bin\;C:\Program Files\Common Files\Intel\WirelessCommon\;C:\Program Files (x86)\Intel\Intel(R) Management Engine Components\DAL;C:\Program Files\Intel\Intel(R) Management Engine Components\DAL;C:\Program Files (x86)\Intel\Intel(R) Management Engine Components\IPT;C:\Program Files\Intel\Intel(R) Management Engine Components\IPT;C:\Program Files\NVIDIA Corporation\NVIDIA NvDLISR;C:\Program Files\Git\cmd;C:\Program Files (x86)\Microsoft SQL Server\150\DTS\Binn\;C:\Program Files\Microsoft SQL Server\Client SDK\ODBC\130\Tools\Binn\;C:\Program Files (x86)\Microsoft SQL Server\140\Tools\Binn\;C:\Program Files\Microsoft SQL Server\140\Tools\Binn\;C:\Program Files\Microsoft SQL Server\140\DTS\Binn\;C:\Program Files\Microsoft SQL Server\130\Tools\Binn\;C:\Program Files\Git LFS;C:\Users\DELL\AppData\Local\Microsoft\WindowsApps;C:\Program Files\Intel\WiFi\bin\;C:\Program Files\Common Files\Intel\WirelessCommon\;C:\Users\DELL\AppData\Local\GitHubDesktop\bin
USERNAME=DELL
OS=Windows_NT
PROCESSOR_IDENTIFIER=Intel64 Family 6 Model 158 Stepping 10, GenuineIntel



---------------  S Y S T E M  ---------------

OS: Windows 10.0 , 64 bit Build 17763 (10.0.17763.475)

CPU:total 12 (initial active 12) (6 cores per cpu, 2 threads per core) family 6 model 158 stepping 10, cmov, cx8, fxsr, mmx, sse, sse2, sse3, ssse3, sse4.1, sse4.2, popcnt, avx, avx2, aes, clmul, erms, rtm, 3dnowpref, lzcnt, ht, tsc, tscinvbit, bmi1, bmi2, adx

Memory: 4k page, physical 16566556k(9069420k free), swap 19056924k(7895380k free)

vm_info: OpenJDK 64-Bit Server VM (25.212-b04) for windows-amd64 JRE (1.8.0_212-b04), built on Jun  3 2019 21:11:11 by "jenkins" with MS VC++ 12.0 (VS2013)

time: Mon Mar 09 22:10:19 2020
timezone: Egypt Standard Time
elapsed time: 3 seconds (0d 0h 0m 3s)

